g:\myfiles\dropbox\uni\2016 s2\mtrn3500\assignment 2\weederassignment\laser\debug\vc140.pdb
c:\users\joseph\dropbox\uni\2016 s2\mtrn3500\assignment 2\weederassignment\laser\debug\vc140.pdb
c:\users\joseph\dropbox\uni\2016 s2\mtrn3500\assignment 2\weederassignment\laser\debug\vc140.idb
c:\users\joseph\dropbox\uni\2016 s2\mtrn3500\assignment 2\weederassignment\laser\debug\ethernetclient.obj
c:\users\joseph\dropbox\uni\2016 s2\mtrn3500\assignment 2\weederassignment\laser\debug\smfcn.obj
c:\users\joseph\dropbox\uni\2016 s2\mtrn3500\assignment 2\weederassignment\laser\debug\smobject.obj
c:\users\joseph\dropbox\uni\2016 s2\mtrn3500\assignment 2\weederassignment\laser\debug\laser.obj
c:\users\joseph\dropbox\uni\2016 s2\mtrn3500\assignment 2\weederassignment\laser\debug\lms151.obj
g:\myfiles\dropbox\uni\2016 s2\mtrn3500\assignment 2\weederassignment\debug\laser.ilk
g:\myfiles\dropbox\uni\2016 s2\mtrn3500\assignment 2\weederassignment\debug\laser.exe
g:\myfiles\dropbox\uni\2016 s2\mtrn3500\assignment 2\weederassignment\debug\laser.pdb
c:\users\joseph\dropbox\uni\2016 s2\mtrn3500\assignment 2\weederassignment\debug\laser.ilk
c:\users\joseph\dropbox\uni\2016 s2\mtrn3500\assignment 2\weederassignment\debug\laser.exe
c:\users\joseph\dropbox\uni\2016 s2\mtrn3500\assignment 2\weederassignment\debug\laser.pdb
c:\users\joseph\dropbox\uni\2016 s2\mtrn3500\assignment 2\weederassignment\laser\debug\laser.tlog\cl.command.1.tlog
c:\users\joseph\dropbox\uni\2016 s2\mtrn3500\assignment 2\weederassignment\laser\debug\laser.tlog\cl.read.1.tlog
c:\users\joseph\dropbox\uni\2016 s2\mtrn3500\assignment 2\weederassignment\laser\debug\laser.tlog\cl.write.1.tlog
c:\users\joseph\dropbox\uni\2016 s2\mtrn3500\assignment 2\weederassignment\laser\debug\laser.tlog\link.command.1.tlog
c:\users\joseph\dropbox\uni\2016 s2\mtrn3500\assignment 2\weederassignment\laser\debug\laser.tlog\link.read.1.tlog
c:\users\joseph\dropbox\uni\2016 s2\mtrn3500\assignment 2\weederassignment\laser\debug\laser.tlog\link.write.1.tlog
