c:\users\joseph\dropbox\uni\2016 s2\mtrn3500\assignment 2\weederassignment\simulator\debug\vc140.pdb
c:\users\joseph\dropbox\uni\2016 s2\mtrn3500\assignment 2\weederassignment\simulator\debug\vc140.idb
c:\users\joseph\dropbox\uni\2016 s2\mtrn3500\assignment 2\weederassignment\simulator\debug\smfcn.obj
c:\users\joseph\dropbox\uni\2016 s2\mtrn3500\assignment 2\weederassignment\simulator\debug\smobject.obj
c:\users\joseph\dropbox\uni\2016 s2\mtrn3500\assignment 2\weederassignment\simulator\debug\simulator.obj
c:\users\joseph\dropbox\uni\2016 s2\mtrn3500\assignment 2\weederassignment\simulator\debug\camera.obj
c:\users\joseph\dropbox\uni\2016 s2\mtrn3500\assignment 2\weederassignment\simulator\debug\frustum.obj
c:\users\joseph\dropbox\uni\2016 s2\mtrn3500\assignment 2\weederassignment\simulator\debug\ground.obj
c:\users\joseph\dropbox\uni\2016 s2\mtrn3500\assignment 2\weederassignment\simulator\debug\hud.obj
c:\users\joseph\dropbox\uni\2016 s2\mtrn3500\assignment 2\weederassignment\simulator\debug\keymanager.obj
c:\users\joseph\dropbox\uni\2016 s2\mtrn3500\assignment 2\weederassignment\simulator\debug\main.obj
c:\users\joseph\dropbox\uni\2016 s2\mtrn3500\assignment 2\weederassignment\simulator\debug\messages.obj
c:\users\joseph\dropbox\uni\2016 s2\mtrn3500\assignment 2\weederassignment\simulator\debug\myvehicle.obj
c:\users\joseph\dropbox\uni\2016 s2\mtrn3500\assignment 2\weederassignment\simulator\debug\obstacle.obj
c:\users\joseph\dropbox\uni\2016 s2\mtrn3500\assignment 2\weederassignment\simulator\debug\obstaclemanager.obj
c:\users\joseph\dropbox\uni\2016 s2\mtrn3500\assignment 2\weederassignment\simulator\debug\quaternion.obj
c:\users\joseph\dropbox\uni\2016 s2\mtrn3500\assignment 2\weederassignment\simulator\debug\rectangularprism.obj
c:\users\joseph\dropbox\uni\2016 s2\mtrn3500\assignment 2\weederassignment\simulator\debug\shape.obj
c:\users\joseph\dropbox\uni\2016 s2\mtrn3500\assignment 2\weederassignment\debug\simulator.ilk
c:\users\joseph\dropbox\uni\2016 s2\mtrn3500\assignment 2\weederassignment\debug\simulator.exe
c:\users\joseph\dropbox\uni\2016 s2\mtrn3500\assignment 2\weederassignment\debug\simulator.pdb
c:\users\joseph\dropbox\uni\2016 s2\mtrn3500\assignment 2\weederassignment\simulator\debug\vectormaths.obj
c:\users\joseph\dropbox\uni\2016 s2\mtrn3500\assignment 2\weederassignment\simulator\debug\vehicle.obj
c:\users\joseph\dropbox\uni\2016 s2\mtrn3500\assignment 2\weederassignment\simulator\debug\vc120.idb
c:\users\joseph\dropbox\uni\2016 s2\mtrn3500\assignment 2\weederassignment\simulator\debug\vc120.pdb
c:\users\joseph\dropbox\uni\2016 s2\mtrn3500\assignment 2\weederassignment\simulator\debug\simulator.tlog\cl.command.1.tlog
c:\users\joseph\dropbox\uni\2016 s2\mtrn3500\assignment 2\weederassignment\simulator\debug\simulator.tlog\cl.read.1.tlog
c:\users\joseph\dropbox\uni\2016 s2\mtrn3500\assignment 2\weederassignment\simulator\debug\simulator.tlog\cl.write.1.tlog
c:\users\joseph\dropbox\uni\2016 s2\mtrn3500\assignment 2\weederassignment\simulator\debug\simulator.tlog\link.command.1.tlog
c:\users\joseph\dropbox\uni\2016 s2\mtrn3500\assignment 2\weederassignment\simulator\debug\simulator.tlog\link.read.1.tlog
c:\users\joseph\dropbox\uni\2016 s2\mtrn3500\assignment 2\weederassignment\simulator\debug\simulator.tlog\link.write.1.tlog
